<?xml version="1.0" encoding="UTF-8" ?>
<testsuite tests="20" failures="0" name="TestSuite" time="283.284" errors="0" skipped="0">
  <properties>
[...]
</properties>
  <testcase classname="testcase.TestCase_001_login" name="login" time="1.018"/>
  <testcase classname="testcase.TestCase_001_register" name="register" time="29.065"/>
  <testcase classname="testcase.TestCase_001_BuyGoods" name="SpecialOffer" time="11.881"/>
  <testcase classname="testcase.TestCase_002_BuyGoods" name="GSMPhone" time="34.374"/>
  <testcase classname="testcase.TestCase_001_shoppingCart" name="collectShop" time="13.102"/>
  <testcase classname="testcase.TestCase_002_shoppingCart" name="delete2" time="7.944"/>
  <testcase classname="testcase.TestCase_003_shoppingCart" name="delete1" time="5.673"/>
  <testcase classname="testcase.TestCase_004_shoppingCar" name="gengXin" time="5.219"/>
  <testcase classname="testcase.TestCase_001_YouHui" name="youHui" time="10.215"/>
  <testcase classname="testcase.TestCase_001_Integral" name="jiFen" time="9.438"/>
  <testcase classname="testcase.TestCase_001_Message" name="jiFen" time="6.923"/>
  <testcase classname="testcase.TestCase_002_Message" name="youKeLiuYan" time="6.244"/>
  <testcase classname="testcase.TestCase_001_Sou" name="souSuo" time="3.562"/>
  <testcase classname="testcase.TestCase_003_Sou" name="productInfromation" time="0.71"/>
  <testcase classname="testcase.TestCase_002_Sou" name="choiceShopping" time="4.392"/>
  <testcase classname="testcase.TestCase_004_Sou" name="topSouSuo" time="4.727"/>
  <testcase classname="testcase.TestCase_005_Sou" name="listSouSuo" time="4.386"/>
  <testcase classname="testcase.TestCase_001_Comment" name="pingJia" time="5.523"/>
  <testcase classname="testcase.TestCase_002_Comment" name="youKePingJia" time="4.601"/>
  <testcase classname="testcase.TestCase_001_userCenter" name="userCenter" time="3.924"/>
</testsuite>